2003.06.14 12:54 B d:\www.pahl.ca\Current\2001b.gif <-- Pahl / 2001b.gif
2003.06.14 12:54 B d:\www.pahl.ca\Current\ailuk1.jpg <-- Pahl / ailuk1.jpg
2003.06.14 12:54 B d:\www.pahl.ca\Current\ailuk2.jpg <-- Pahl / ailuk2.jpg
2003.06.14 12:54 B d:\www.pahl.ca\Current\Banff <-- Pahl / Banff
2003.06.14 12:54 B d:\www.pahl.ca\Current\banff01.jpg <-- Pahl / banff01.jpg
2003.06.14 12:54 B d:\www.pahl.ca\Current\banff02.jpg <-- Pahl / banff02.jpg
2003.06.14 12:54 B d:\www.pahl.ca\Current\banff03.jpg <-- Pahl / banff03.jpg
2003.06.14 12:54 B d:\www.pahl.ca\Current\banff04.jpg <-- Pahl / banff04.jpg
2003.06.14 12:54 B d:\www.pahl.ca\Current\banff05.jpg <-- Pahl / banff05.jpg
2003.06.14 12:54 B d:\www.pahl.ca\Current\banff06.jpg <-- Pahl / banff06.jpg
2003.06.14 12:54 B d:\www.pahl.ca\Current\banff07.jpg <-- Pahl / banff07.jpg
2003.06.14 12:54 B d:\www.pahl.ca\Current\banff08.jpg <-- Pahl / banff08.jpg
2003.06.14 12:54 B d:\www.pahl.ca\Current\banff09.jpg <-- Pahl / banff09.jpg
2003.06.14 12:54 B d:\www.pahl.ca\Current\banff10.jpg <-- Pahl / banff10.jpg
2003.06.14 12:54 B d:\www.pahl.ca\Current\banff11.jpg <-- Pahl / banff11.jpg
2003.06.14 12:54 B d:\www.pahl.ca\Current\banff12.jpg <-- Pahl / banff12.jpg
2003.06.14 12:54 B d:\www.pahl.ca\Current\banff13.jpg <-- Pahl / banff13.jpg
2003.06.14 12:55 B d:\www.pahl.ca\Current\banff14.jpg <-- Pahl / banff14.jpg
2003.06.14 12:55 B d:\www.pahl.ca\Current\banff15.jpg <-- Pahl / banff15.jpg
2003.06.14 12:55 B d:\www.pahl.ca\Current\banff16.jpg <-- Pahl / banff16.jpg
2003.06.14 12:55 B d:\www.pahl.ca\Current\banff17.jpg <-- Pahl / banff17.jpg
2003.06.14 12:55 B d:\www.pahl.ca\Current\banff18.jpg <-- Pahl / banff18.jpg
2003.06.14 12:55 B d:\www.pahl.ca\Current\banff19.jpg <-- Pahl / banff19.jpg
2003.06.14 12:55 B d:\www.pahl.ca\Current\banff20.jpg <-- Pahl / banff20.jpg
2003.06.14 12:55 B d:\www.pahl.ca\Current\banff21.jpg <-- Pahl / banff21.jpg
2003.06.14 12:55 B d:\www.pahl.ca\Current\banff22.jpg <-- Pahl / banff22.jpg
2003.06.14 12:55 B d:\www.pahl.ca\Current\banff23.jpg <-- Pahl / banff23.jpg
2003.06.14 12:55 B d:\www.pahl.ca\Current\banff24.jpg <-- Pahl / banff24.jpg
2003.06.14 12:55 B d:\www.pahl.ca\Current\banff25.jpg <-- Pahl / banff25.jpg
2003.06.14 12:55 B d:\www.pahl.ca\Current\banff26.jpg <-- Pahl / banff26.jpg
2003.06.14 12:55 B d:\www.pahl.ca\Current\banff27.jpg <-- Pahl / banff27.jpg
2003.06.14 12:55 B d:\www.pahl.ca\Current\banner.gif <-- Pahl / banner.gif
2003.06.14 12:55 B d:\www.pahl.ca\Current\banner.html <-- Pahl / banner.html
2003.06.14 12:55 B d:\www.pahl.ca\Current\bios.html <-- Pahl / bios.html
2003.06.14 12:55 B d:\www.pahl.ca\Current\books <-- Pahl / books
2003.06.14 12:55 B d:\www.pahl.ca\Current\buttons.html <-- Pahl / buttons.html
2003.06.14 12:55 B d:\www.pahl.ca\Current\canada.gif <-- Pahl / canada.gif
2003.06.14 12:55 B d:\www.pahl.ca\Current\christmas <-- Pahl / christmas
2003.06.14 12:55 B d:\www.pahl.ca\Current\christmas.jpg <-- Pahl / christmas.jpg
2003.06.14 12:55 B d:\www.pahl.ca\Current\coconut.jpg <-- Pahl / coconut.jpg
2003.06.14 12:55 B d:\www.pahl.ca\Current\contacts.html <-- Pahl / contacts.html
2003.06.14 12:55 B d:\www.pahl.ca\Current\contacts2.html <-- Pahl / contacts2.html
2003.06.14 12:55 B d:\www.pahl.ca\Current\dad80.jpg <-- Pahl / dad80.jpg
2003.06.14 12:55 B d:\www.pahl.ca\Current\email2.jpg <-- Pahl / email2.jpg
2003.06.14 12:55 B d:\www.pahl.ca\Current\f10.jpg <-- Pahl / f10.jpg
2003.06.14 12:55 B d:\www.pahl.ca\Current\f101.jpg <-- Pahl / f101.jpg
2003.06.14 12:55 B d:\www.pahl.ca\Current\f20.jpg <-- Pahl / f20.jpg
2003.06.14 12:55 B d:\www.pahl.ca\Current\f30.jpg <-- Pahl / f30.jpg
2003.06.14 12:55 B d:\www.pahl.ca\Current\f40.jpg <-- Pahl / f40.jpg
2003.06.14 12:55 B d:\www.pahl.ca\Current\f50.jpg <-- Pahl / f50.jpg
2003.06.14 12:55 B d:\www.pahl.ca\Current\f55.jpg <-- Pahl / f55.jpg
2003.06.14 12:55 B d:\www.pahl.ca\Current\f60.jpg <-- Pahl / f60.jpg
2003.06.14 12:55 B d:\www.pahl.ca\Current\f70.jpg <-- Pahl / f70.jpg
2003.06.14 12:55 B d:\www.pahl.ca\Current\flag.gif <-- Pahl / flag.gif
2003.06.14 12:55 B d:\www.pahl.ca\Current\fredandviola <-- Pahl / fredandviola
2003.06.14 12:55 B d:\www.pahl.ca\Current\g&p.jpg <-- Pahl / g&p.jpg
2003.06.14 12:55 B d:\www.pahl.ca\Current\g&p2.jpg <-- Pahl / g&p2.jpg
2003.06.14 12:55 B d:\www.pahl.ca\Current\gp.jpg <-- Pahl / gp.jpg
2003.06.14 12:55 B d:\www.pahl.ca\Current\gp2.jpg <-- Pahl / gp2.jpg
2003.06.14 12:55 B d:\www.pahl.ca\Current\gp3.jpg <-- Pahl / gp3.jpg
2003.06.14 12:55 B d:\www.pahl.ca\Current\gp4.jpg <-- Pahl / gp4.jpg
2003.06.14 12:55 B d:\www.pahl.ca\Current\gp5.jpg <-- Pahl / gp5.jpg
2003.06.14 12:55 B d:\www.pahl.ca\Current\grouch.jpg <-- Pahl / grouch.jpg
2003.06.14 12:55 B d:\www.pahl.ca\Current\guest.gif <-- Pahl / guest.gif
2003.06.14 12:55 B d:\www.pahl.ca\Current\help.html <-- Pahl / help.html
2003.06.14 12:55 B d:\www.pahl.ca\Current\home.html <-- Pahl / home.html
2003.06.14 12:55 B d:\www.pahl.ca\Current\index.html <-- Pahl / index.html
2003.06.14 12:55 B d:\www.pahl.ca\Current\links.html <-- Pahl / links.html
2003.06.14 12:55 B d:\www.pahl.ca\Current\m&d.jpg <-- Pahl / m&d.jpg
2003.06.14 12:55 B d:\www.pahl.ca\Current\m&d55.jpg <-- Pahl / m&d55.jpg
2003.06.14 12:55 B d:\www.pahl.ca\Current\m&d55c.jpg <-- Pahl / m&d55c.jpg
2003.06.14 12:55 B d:\www.pahl.ca\Current\m&dguitar.jpg <-- Pahl / m&dguitar.jpg
2003.06.14 12:55 B d:\www.pahl.ca\Current\mchome.html <-- Pahl / mchome.html
2003.06.14 12:55 B d:\www.pahl.ca\Current\mchome_2pix.html <-- Pahl / mchome_2pix.html
2003.06.14 12:55 B d:\www.pahl.ca\Current\mchristmas2.gif <-- Pahl / mchristmas2.gif
2003.06.14 12:55 B d:\www.pahl.ca\Current\morefam.html <-- Pahl / morefam.html
2003.06.14 12:55 B d:\www.pahl.ca\Current\news.html <-- Pahl / news.html
2003.06.14 12:56 B d:\www.pahl.ca\Current\pahls.jpg <-- Pahl / pahls.jpg
2003.06.14 12:56 B d:\www.pahl.ca\Current\peachgirls_2.jpg <-- Pahl / peachgirls_2.jpg
2003.06.14 12:56 B d:\www.pahl.ca\Current\penny <-- Pahl / penny
2003.06.14 12:56 B d:\www.pahl.ca\Current\penny1.jpg <-- Pahl / penny1.jpg
2003.06.14 12:56 B d:\www.pahl.ca\Current\penny2.jpg <-- Pahl / penny2.jpg
2003.06.14 12:56 B d:\www.pahl.ca\Current\penny3.jpg <-- Pahl / penny3.jpg
2003.06.14 12:56 B d:\www.pahl.ca\Current\photos.html <-- Pahl / photos.html
2003.06.14 12:56 B d:\www.pahl.ca\Current\pphlogger.js <-- Pahl / pphlogger.js
2003.06.14 12:56 B d:\www.pahl.ca\Current\sp.jpg <-- Pahl / sp.jpg
2003.06.14 12:56 B d:\www.pahl.ca\Current\vp1.jpg <-- Pahl / vp1.jpg
2003.06.14 12:56 B d:\www.pahl.ca\Current\vp2.jpg <-- Pahl / vp2.jpg
2003.06.14 12:56 B d:\www.pahl.ca\Current\vpbook.jpg <-- Pahl / vpbook.jpg
2003.06.14 12:56 B d:\www.pahl.ca\Current\welcome.gif <-- Pahl / welcome.gif
2003.06.14 12:56 B d:\www.pahl.ca\Current\welcome2.gif <-- Pahl / welcome2.gif
2003.06.14 12:56 B d:\www.pahl.ca\Current\Xmas text.gif <-- Pahl / Xmas text.gif
2003.06.14 12:56 B d:\www.pahl.ca\Current\xmas txt gp.gif <-- Pahl / xmas txt gp.gif
2003.06.14 12:56 B d:\www.pahl.ca\Current\yokwe.jpg <-- Pahl / yokwe.jpg
2003.06.24 20:54 B d:\www.pahl.ca\Current\home.html --> ftp.pahl.ca / home.html
2003.08.08 18:06 B d:\www.pahl.ca\Current\fredandviola --> ftp.pahl.ca / fredandviola
2003.09.10 21:39 B d:\www.pahl.ca\Current\gp4.jpg <-- 1 pahl / gp4.jpg
2003.09.10 21:39 B d:\www.pahl.ca\Current\gp2.jpg <-- 1 pahl / gp2.jpg
2003.09.10 21:40 B d:\www.pahl.ca\Current\gp4.jpg <-- 1 pahl / gp4.jpg
2003.09.10 21:40 B d:\www.pahl.ca\Current\gp2.jpg <-- 1 pahl / gp2.jpg
2003.09.10 21:40 B d:\www.pahl.ca\Current\gp3.jpg <-- 1 pahl / gp3.jpg
2003.09.10 21:40 B d:\www.pahl.ca\Current\gp5.jpg <-- 1 pahl / gp5.jpg
2003.09.10 21:40 B d:\www.pahl.ca\Current\gp.jpg <-- 1 pahl / gp.jpg
2003.09.10 22:05 B d:\www.pahl.ca\Current\bios.html <-- 1 pahl / bios.html
2003.09.10 22:23 B d:\www.pahl.ca\Current\resume.html --> ftp.pahl.ca / resume.html
2003.09.10 22:32 B d:\www.pahl.ca\Current\resume.html --> ftp.pahl.ca / resume.html
2003.09.10 22:56 B d:\www.pahl.ca\Current\resume.html --> ftp.pahl.ca / resume.html
2003.09.11 18:04 B d:\www.pahl.ca\Current\resume.html --> ftp.pahl.ca / resume.html
2003.09.11 21:18 B d:\www.pahl.ca\Current\resume.html --> ftp.pahl.ca / resume.html
2003.09.12 06:59 B d:\www.pahl.ca\Current\resume.htm --> ftp.pahl.ca / resume.htm
2003.09.12 07:04 B d:\www.pahl.ca\Current\resume.html --> ftp.pahl.ca / resume.html
2003.09.13 07:25 B d:\www.pahl.ca\Current\resume.html --> ftp.pahl.ca / resume.html
2003.09.13 07:45 B d:\www.pahl.ca\Current\resume.html --> ftp.pahl.ca / resume.html
2003.09.13 11:57 B d:\www.pahl.ca\Current\resume.html --> ftp.pahl.ca / resume.html
2003.09.14 12:23 B d:\www.pahl.ca\Current\resume.html --> ftp.pahl.ca / resume.html
2003.09.14 12:36 B d:\www.pahl.ca\Current\resume.html --> ftp.pahl.ca / resume.html
2003.09.14 15:28 B d:\www.pahl.ca\Current\resume.html --> ftp.pahl.ca / resume.html
2003.09.16 07:47 B d:\www.pahl.ca\Current\resume.html --> ftp.pahl.ca / resume.html
2003.09.16 07:47 B d:\www.pahl.ca\Current\pphl.js --> ftp.pahl.ca / pphl.js
2003.09.16 08:02 B d:\www.pahl.ca\Current\resume.html --> ftp.pahl.ca / resume.html
2003.09.17 21:06 B d:\www.pahl.ca\Current\resume.html --> ftp.pahl.ca / resume.html
2003.09.18 06:26 B d:\www.pahl.ca\Current\resume.html --> ftp.pahl.ca / resume.html
2003.09.18 06:32 B d:\www.pahl.ca\Current\resume.html --> ftp.pahl.ca / resume.html
2003.09.19 20:18 B d:\www.pahl.ca\Current\resume.html --> ftp.pahl.ca / resume.html
2003.09.29 11:31 B d:\www.pahl.ca\Current\resume.html --> ftp.pahl.ca / resume.html
2003.09.29 11:43 B d:\www.pahl.ca\Current\resume.html <-- 1 pahl / resume.html
2003.09.29 14:43 B d:\www.pahl.ca\Current\resume.html --> ftp.pahl.ca / resume.html
2003.09.29 16:35 B d:\www.pahl.ca\Current\resume.html --> ftp.pahl.ca / resume.html
2003.10.02 12:25 B d:\www.pahl.ca\Current\resume.html --> ftp.pahl.ca / resume.html
2003.10.04 09:52 B d:\www.pahl.ca\Current\links.html --> ftp.pahl.ca / links.html
2003.10.04 09:52 B d:\www.pahl.ca\Current\contacts.html --> ftp.pahl.ca / contacts.html
2003.10.04 22:18 B d:\www.pahl.ca\Current\resume.html --> ftp.pahl.ca / resume.html
2003.10.04 22:30 B d:\www.pahl.ca\Current\resume.html --> ftp.pahl.ca / resume.html
2003.10.04 22:34 B d:\www.pahl.ca\Current\resume.html --> ftp.pahl.ca / resume.html
2003.10.04 22:39 B d:\www.pahl.ca\Current\resume.html --> ftp.pahl.ca / resume.html
2003.10.04 22:42 B d:\www.pahl.ca\Current\resume.html --> ftp.pahl.ca / resume.html
2003.10.27 18:31 B d:\www.pahl.ca\Current\index.html --> borabora.globat.com /httpdocs index.html
2003.10.27 18:32 B d:\www.pahl.ca\Current\2001b.gif --> borabora.globat.com /httpdocs 2001b.gif
2003.10.27 18:32 B d:\www.pahl.ca\Current\ailuk1.jpg --> borabora.globat.com /httpdocs ailuk1.jpg
2003.10.27 18:32 B d:\www.pahl.ca\Current\ailuk2.jpg --> borabora.globat.com /httpdocs ailuk2.jpg
2003.10.27 18:32 B d:\www.pahl.ca\Current\Banff --> borabora.globat.com /httpdocs Banff
2003.10.27 18:32 B d:\www.pahl.ca\Current\banff01.jpg --> borabora.globat.com /httpdocs banff01.jpg
2003.10.27 18:32 B d:\www.pahl.ca\Current\banff02.jpg --> borabora.globat.com /httpdocs banff02.jpg
2003.10.27 18:32 B d:\www.pahl.ca\Current\banff03.jpg --> borabora.globat.com /httpdocs banff03.jpg
2003.10.27 18:33 B d:\www.pahl.ca\Current\banff04.jpg --> borabora.globat.com /httpdocs banff04.jpg
2003.10.27 18:33 B d:\www.pahl.ca\Current\banff05.jpg --> borabora.globat.com /httpdocs banff05.jpg
2003.10.27 18:33 B d:\www.pahl.ca\Current\banff06.jpg --> borabora.globat.com /httpdocs banff06.jpg
2003.10.27 18:33 B d:\www.pahl.ca\Current\banff07.jpg --> borabora.globat.com /httpdocs banff07.jpg
2003.10.27 18:33 B d:\www.pahl.ca\Current\banff08.jpg --> borabora.globat.com /httpdocs banff08.jpg
2003.10.27 18:33 B d:\www.pahl.ca\Current\banff09.jpg --> borabora.globat.com /httpdocs banff09.jpg
2003.10.27 18:33 B d:\www.pahl.ca\Current\banff10.jpg --> borabora.globat.com /httpdocs banff10.jpg
2003.10.27 18:33 B d:\www.pahl.ca\Current\banff11.jpg --> borabora.globat.com /httpdocs banff11.jpg
2003.10.27 18:33 B d:\www.pahl.ca\Current\banff12.jpg --> borabora.globat.com /httpdocs banff12.jpg
2003.10.27 18:34 B d:\www.pahl.ca\Current\banff13.jpg --> borabora.globat.com /httpdocs banff13.jpg
2003.10.27 18:34 B d:\www.pahl.ca\Current\banff14.jpg --> borabora.globat.com /httpdocs banff14.jpg
2003.10.27 18:34 B d:\www.pahl.ca\Current\banff15.jpg --> borabora.globat.com /httpdocs banff15.jpg
2003.10.27 18:34 B d:\www.pahl.ca\Current\banff16.jpg --> borabora.globat.com /httpdocs banff16.jpg
2003.10.27 18:34 B d:\www.pahl.ca\Current\banff17.jpg --> borabora.globat.com /httpdocs banff17.jpg
2003.10.27 18:34 B d:\www.pahl.ca\Current\banff18.jpg --> borabora.globat.com /httpdocs banff18.jpg
2003.10.27 18:34 B d:\www.pahl.ca\Current\banff19.jpg --> borabora.globat.com /httpdocs banff19.jpg
2003.10.27 18:35 B d:\www.pahl.ca\Current\banff20.jpg --> borabora.globat.com /httpdocs banff20.jpg
2003.10.27 18:35 B d:\www.pahl.ca\Current\banff21.jpg --> borabora.globat.com /httpdocs banff21.jpg
2003.10.27 18:35 B d:\www.pahl.ca\Current\banff22.jpg --> borabora.globat.com /httpdocs banff22.jpg
2003.10.27 18:35 B d:\www.pahl.ca\Current\banff23.jpg --> borabora.globat.com /httpdocs banff23.jpg
2003.10.27 18:35 B d:\www.pahl.ca\Current\banff24.jpg --> borabora.globat.com /httpdocs banff24.jpg
2003.10.27 18:35 B d:\www.pahl.ca\Current\banff25.jpg --> borabora.globat.com /httpdocs banff25.jpg
2003.10.27 18:36 B d:\www.pahl.ca\Current\banff26.jpg --> borabora.globat.com /httpdocs banff26.jpg
2003.10.27 18:36 B d:\www.pahl.ca\Current\banff27.jpg --> borabora.globat.com /httpdocs banff27.jpg
2003.10.27 18:36 B d:\www.pahl.ca\Current\banner.gif --> borabora.globat.com /httpdocs banner.gif
2003.10.27 18:36 B d:\www.pahl.ca\Current\banner.html --> borabora.globat.com /httpdocs banner.html
2003.10.27 18:36 B d:\www.pahl.ca\Current\bios.html --> borabora.globat.com /httpdocs bios.html
2003.10.27 18:36 B d:\www.pahl.ca\Current\buttons.html --> borabora.globat.com /httpdocs buttons.html
2003.10.27 18:36 B d:\www.pahl.ca\Current\canada.gif --> borabora.globat.com /httpdocs canada.gif
2003.10.27 18:36 B d:\www.pahl.ca\Current\christmas --> borabora.globat.com /httpdocs christmas
2003.10.27 18:36 B d:\www.pahl.ca\Current\christmas.jpg --> borabora.globat.com /httpdocs christmas.jpg
2003.10.27 18:36 B d:\www.pahl.ca\Current\coconut.jpg --> borabora.globat.com /httpdocs coconut.jpg
2003.10.27 18:36 B d:\www.pahl.ca\Current\contacts.html --> borabora.globat.com /httpdocs contacts.html
2003.10.27 18:36 B d:\www.pahl.ca\Current\contacts2.html --> borabora.globat.com /httpdocs contacts2.html
2003.10.27 18:37 B d:\www.pahl.ca\Current\dad80.jpg --> borabora.globat.com /httpdocs dad80.jpg
2003.10.27 18:37 B d:\www.pahl.ca\Current\email2.jpg --> borabora.globat.com /httpdocs email2.jpg
2003.10.27 18:37 B d:\www.pahl.ca\Current\f10.jpg --> borabora.globat.com /httpdocs f10.jpg
2003.10.27 18:37 B d:\www.pahl.ca\Current\f101.jpg --> borabora.globat.com /httpdocs f101.jpg
2003.10.27 18:37 B d:\www.pahl.ca\Current\f20.jpg --> borabora.globat.com /httpdocs f20.jpg
2003.10.27 18:37 B d:\www.pahl.ca\Current\f30.jpg --> borabora.globat.com /httpdocs f30.jpg
2003.10.27 18:37 B d:\www.pahl.ca\Current\f40.jpg --> borabora.globat.com /httpdocs f40.jpg
2003.10.27 18:37 B d:\www.pahl.ca\Current\f50.jpg --> borabora.globat.com /httpdocs f50.jpg
2003.10.27 18:37 B d:\www.pahl.ca\Current\f55.jpg --> borabora.globat.com /httpdocs f55.jpg
2003.10.27 18:37 B d:\www.pahl.ca\Current\f60.jpg --> borabora.globat.com /httpdocs f60.jpg
2003.10.27 18:37 B d:\www.pahl.ca\Current\f70.jpg --> borabora.globat.com /httpdocs f70.jpg
2003.10.27 18:37 B d:\www.pahl.ca\Current\flag.gif --> borabora.globat.com /httpdocs flag.gif
2003.10.27 18:37 B d:\www.pahl.ca\Current\fredandviola --> borabora.globat.com /httpdocs fredandviola
2003.10.27 18:37 B d:\www.pahl.ca\Current\g&p.jpg --> borabora.globat.com /httpdocs g&p.jpg
2003.10.27 18:38 B d:\www.pahl.ca\Current\g&p2.jpg --> borabora.globat.com /httpdocs g&p2.jpg
2003.10.27 18:38 B d:\www.pahl.ca\Current\gp.jpg --> borabora.globat.com /httpdocs gp.jpg
2003.10.27 18:38 B d:\www.pahl.ca\Current\gp111.jpg --> borabora.globat.com /httpdocs gp111.jpg
2003.10.27 18:38 B d:\www.pahl.ca\Current\gp2.jpg --> borabora.globat.com /httpdocs gp2.jpg
2003.10.27 18:38 B d:\www.pahl.ca\Current\gp3.jpg --> borabora.globat.com /httpdocs gp3.jpg
2003.10.27 18:38 B d:\www.pahl.ca\Current\gp4.jpg --> borabora.globat.com /httpdocs gp4.jpg
2003.10.27 18:38 B d:\www.pahl.ca\Current\gp5.jpg --> borabora.globat.com /httpdocs gp5.jpg
2003.10.27 18:38 B d:\www.pahl.ca\Current\gp5_2.jpg --> borabora.globat.com /httpdocs gp5_2.jpg
2003.10.27 18:38 B d:\www.pahl.ca\Current\grouch.jpg --> borabora.globat.com /httpdocs grouch.jpg
2003.10.27 18:38 B d:\www.pahl.ca\Current\guest.gif --> borabora.globat.com /httpdocs guest.gif
2003.10.27 18:38 B d:\www.pahl.ca\Current\help.html --> borabora.globat.com /httpdocs help.html
2003.10.27 18:38 B d:\www.pahl.ca\Current\home.html --> borabora.globat.com /httpdocs home.html
2003.10.27 18:38 B d:\www.pahl.ca\Current\index.html --> borabora.globat.com /httpdocs index.html
2003.10.27 18:38 B d:\www.pahl.ca\Current\links.html --> borabora.globat.com /httpdocs links.html
2003.10.27 18:38 B d:\www.pahl.ca\Current\m&d.jpg --> borabora.globat.com /httpdocs m&d.jpg
2003.10.27 18:39 B d:\www.pahl.ca\Current\m&d55.jpg --> borabora.globat.com /httpdocs m&d55.jpg
2003.10.27 18:39 B d:\www.pahl.ca\Current\m&d55c.jpg --> borabora.globat.com /httpdocs m&d55c.jpg
2003.10.27 18:39 B d:\www.pahl.ca\Current\m&dguitar.jpg --> borabora.globat.com /httpdocs m&dguitar.jpg
2003.10.27 18:39 B d:\www.pahl.ca\Current\mchome.html --> borabora.globat.com /httpdocs mchome.html
2003.10.27 18:39 B d:\www.pahl.ca\Current\mchome_2pix.html --> borabora.globat.com /httpdocs mchome_2pix.html
2003.10.27 18:39 B d:\www.pahl.ca\Current\mchristmas2.gif --> borabora.globat.com /httpdocs mchristmas2.gif
2003.10.27 18:39 B d:\www.pahl.ca\Current\morefam.html --> borabora.globat.com /httpdocs morefam.html
2003.10.27 18:39 B d:\www.pahl.ca\Current\news.html --> borabora.globat.com /httpdocs news.html
2003.10.27 18:39 B d:\www.pahl.ca\Current\pahls.jpg --> borabora.globat.com /httpdocs pahls.jpg
2003.10.27 18:39 B d:\www.pahl.ca\Current\peachgirls_2.jpg --> borabora.globat.com /httpdocs peachgirls_2.jpg
2003.10.27 18:39 B d:\www.pahl.ca\Current\penny --> borabora.globat.com /httpdocs penny
2003.10.27 18:39 B d:\www.pahl.ca\Current\penny1.jpg --> borabora.globat.com /httpdocs penny1.jpg
2003.10.27 18:39 B d:\www.pahl.ca\Current\penny2.jpg --> borabora.globat.com /httpdocs penny2.jpg
2003.10.27 18:39 B d:\www.pahl.ca\Current\penny3.jpg --> borabora.globat.com /httpdocs penny3.jpg
2003.10.27 18:39 B d:\www.pahl.ca\Current\photos.html --> borabora.globat.com /httpdocs photos.html
2003.10.27 18:39 B d:\www.pahl.ca\Current\pphl.js --> borabora.globat.com /httpdocs pphl.js
2003.10.27 18:39 B d:\www.pahl.ca\Current\pphlogger.js --> borabora.globat.com /httpdocs pphlogger.js
2003.10.27 18:39 B d:\www.pahl.ca\Current\resume.html --> borabora.globat.com /httpdocs resume.html
2003.10.27 18:39 B d:\www.pahl.ca\Current\sp.jpg --> borabora.globat.com /httpdocs sp.jpg
2003.10.27 18:39 B d:\www.pahl.ca\Current\temp001~.htm --> borabora.globat.com /httpdocs temp001~.htm
2003.10.27 18:39 B d:\www.pahl.ca\Current\temp002~ --> borabora.globat.com /httpdocs temp002~
2003.10.27 18:39 B d:\www.pahl.ca\Current\temp002~.htm --> borabora.globat.com /httpdocs temp002~.htm
2003.10.27 18:39 B d:\www.pahl.ca\Current\vp1.jpg --> borabora.globat.com /httpdocs vp1.jpg
2003.10.27 18:39 B d:\www.pahl.ca\Current\vp2.jpg --> borabora.globat.com /httpdocs vp2.jpg
2003.10.27 18:40 B d:\www.pahl.ca\Current\vpbook.jpg --> borabora.globat.com /httpdocs vpbook.jpg
2003.10.27 18:40 B d:\www.pahl.ca\Current\welcome.gif --> borabora.globat.com /httpdocs welcome.gif
2003.10.27 18:40 B d:\www.pahl.ca\Current\welcome2.gif --> borabora.globat.com /httpdocs welcome2.gif
